# JRE version: Java(TM) SE Runtime Environment (20.0.2+9) (build 20.0.2+9-78)
# Java VM: Java HotSpot(TM) 64-Bit Server VM (20.0.2+9-78, mixed mode, sharing, tiered, compressed oops, compressed class ptrs, g1 gc, windows-amd64)
GC Precious Log:
 CardTable entry size: 512
 Card Set container configuration: InlinePtr #cards 5 size 8 Array Of Cards #cards 12 size 40 Howl #buckets 4 coarsen threshold 1843 Howl Bitmap #cards 512 size 80 coarsen threshold 460 Card regions per heap region 1 cards per card region 2048
 CPUs: 16 total, 16 available
 Memory: 5996M
 Large Page Support: Disabled
 NUMA Support: Disabled
 Compressed Oops: Enabled (32-bit)
 Heap Region Size: 1M
 Heap Min Capacity: 256M
 Heap Initial Capacity: 256M
 Heap Max Capacity: 512M
 Pre-touch: Disabled
 Parallel Workers: 13
 Concurrent Workers: 3
 Concurrent Refinement Workers: 13
 Periodic GC: Disabled
Heap:
 garbage-first heap   total 262144K, used 121025K [0x00000000e0000000, 0x0000000100000000)
  region size 1024K, 76 young (77824K), 5 survivors (5120K)
 Metaspace       used 45676K, committed 47424K, reserved 380928K
  class space    used 6556K, committed 7424K, reserved 315392K
GC Heap History (16 events):
Event: 0.748 GC heap before
{Heap before GC invocations=0 (full 0):
 garbage-first heap   total 262144K, used 22528K [0x00000000e0000000, 0x0000000100000000)
  region size 1024K, 23 young (23552K), 0 survivors (0K)
 Metaspace       used 1061K, committed 1216K, reserved 380928K
  class space    used 75K, committed 128K, reserved 315392K
}
Event: 0.752 GC heap after
{Heap after GC invocations=1 (full 0):
 garbage-first heap   total 262144K, used 2255K [0x00000000e0000000, 0x0000000100000000)
  region size 1024K, 3 young (3072K), 3 survivors (3072K)
 Metaspace       used 1061K, committed 1216K, reserved 380928K
  class space    used 75K, committed 128K, reserved 315392K
}
Event: 2.088 GC heap before
{Heap before GC invocations=1 (full 0):
 garbage-first heap   total 262144K, used 41167K [0x00000000e0000000, 0x0000000100000000)
  region size 1024K, 39 young (39936K), 3 survivors (3072K)
 Metaspace       used 4388K, committed 4544K, reserved 380928K
  class space    used 538K, committed 640K, reserved 315392K
}
Event: 2.110 GC heap after
{Heap after GC invocations=2 (full 0):
 garbage-first heap   total 262144K, used 11280K [0x00000000e0000000, 0x0000000100000000)
  region size 1024K, 5 young (5120K), 5 survivors (5120K)
 Metaspace       used 4388K, committed 4544K, reserved 380928K
  class space    used 538K, committed 640K, reserved 315392K
}
Event: 3.338 GC heap before
{Heap before GC invocations=2 (full 0):
 garbage-first heap   total 262144K, used 59408K [0x00000000e0000000, 0x0000000100000000)
  region size 1024K, 50 young (51200K), 5 survivors (5120K)
 Metaspace       used 5564K, committed 5760K, reserved 380928K
  class space    used 736K, committed 832K, reserved 315392K
}
Event: 3.352 GC heap after
{Heap after GC invocations=3 (full 0):
 garbage-first heap   total 262144K, used 16876K [0x00000000e0000000, 0x0000000100000000)
  region size 1024K, 7 young (7168K), 7 survivors (7168K)
 Metaspace       used 5564K, committed 5760K, reserved 380928K
  class space    used 736K, committed 832K, reserved 315392K
}
Event: 9.580 GC heap before
{Heap before GC invocations=3 (full 0):
 garbage-first heap   total 262144K, used 103916K [0x00000000e0000000, 0x0000000100000000)
  region size 1024K, 93 young (95232K), 7 survivors (7168K)
 Metaspace       used 20878K, committed 21504K, reserved 380928K
  class space    used 2991K, committed 3328K, reserved 315392K
}
Event: 9.643 GC heap after
{Heap after GC invocations=4 (full 0):
 garbage-first heap   total 262144K, used 24349K [0x00000000e0000000, 0x0000000100000000)
  region size 1024K, 15 young (15360K), 15 survivors (15360K)
 Metaspace       used 20878K, committed 21504K, reserved 380928K
  class space    used 2991K, committed 3328K, reserved 315392K
}
Event: 30.508 GC heap before
{Heap before GC invocations=5 (full 0):
 garbage-first heap   total 262144K, used 141085K [0x00000000e0000000, 0x0000000100000000)
  region size 1024K, 118 young (120832K), 15 survivors (15360K)
 Metaspace       used 34865K, committed 35904K, reserved 380928K
  class space    used 4931K, committed 5440K, reserved 315392K
}
Event: 30.536 GC heap after
{Heap after GC invocations=6 (full 0):
 garbage-first heap   total 262144K, used 46781K [0x00000000e0000000, 0x0000000100000000)
  region size 1024K, 15 young (15360K), 15 survivors (15360K)
 Metaspace       used 34865K, committed 35904K, reserved 380928K
  class space    used 4931K, committed 5440K, reserved 315392K
}
Event: 30.956 GC heap before
{Heap before GC invocations=6 (full 0):
 garbage-first heap   total 262144K, used 59069K [0x00000000e0000000, 0x0000000100000000)
  region size 1024K, 28 young (28672K), 15 survivors (15360K)
 Metaspace       used 34921K, committed 35968K, reserved 380928K
  class space    used 4934K, committed 5440K, reserved 315392K
}
Event: 31.224 GC heap after
{Heap after GC invocations=7 (full 0):
 garbage-first heap   total 262144K, used 47008K [0x00000000e0000000, 0x0000000100000000)
  region size 1024K, 10 young (10240K), 10 survivors (10240K)
 Metaspace       used 34921K, committed 35968K, reserved 380928K
  class space    used 4934K, committed 5440K, reserved 315392K
}
Event: 33.310 GC heap before
{Heap before GC invocations=7 (full 0):
 garbage-first heap   total 262144K, used 50080K [0x00000000e0000000, 0x0000000100000000)
  region size 1024K, 14 young (14336K), 10 survivors (10240K)
 Metaspace       used 35242K, committed 36288K, reserved 380928K
  class space    used 4983K, committed 5504K, reserved 315392K
}
Event: 33.574 GC heap after
{Heap after GC invocations=8 (full 0):
 garbage-first heap   total 262144K, used 46915K [0x00000000e0000000, 0x0000000100000000)
  region size 1024K, 10 young (10240K), 10 survivors (10240K)
 Metaspace       used 35242K, committed 36288K, reserved 380928K
  class space    used 4983K, committed 5504K, reserved 315392K
}
Event: 42.318 GC heap before
{Heap before GC invocations=9 (full 0):
 garbage-first heap   total 262144K, used 78659K [0x00000000e0000000, 0x0000000100000000)
  region size 1024K, 36 young (36864K), 10 survivors (10240K)
 Metaspace       used 38488K, committed 39680K, reserved 380928K
  class space    used 5348K, committed 5952K, reserved 315392K
}
Event: 42.446 GC heap after
{Heap after GC invocations=10 (full 0):
 garbage-first heap   total 262144K, used 49345K [0x00000000e0000000, 0x0000000100000000)
  region size 1024K, 5 young (5120K), 5 survivors (5120K)
 Metaspace       used 38488K, committed 39680K, reserved 380928K
  class space    used 5348K, committed 5952K, reserved 315392K
}

