# JRE version: Java(TM) SE Runtime Environment (20.0.2+9) (build 20.0.2+9-78)
# Java VM: Java HotSpot(TM) 64-Bit Server VM (20.0.2+9-78, mixed mode, sharing, tiered, compressed oops, compressed class ptrs, g1 gc, windows-amd64)
GC Precious Log:
 CardTable entry size: 512
 Card Set container configuration: InlinePtr #cards 5 size 8 Array Of Cards #cards 12 size 40 Howl #buckets 4 coarsen threshold 1843 Howl Bitmap #cards 512 size 80 coarsen threshold 460 Card regions per heap region 1 cards per card region 2048
 CPUs: 16 total, 16 available
 Memory: 5996M
 Large Page Support: Disabled
 NUMA Support: Disabled
 Compressed Oops: Enabled (32-bit)
 Heap Region Size: 1M
 Heap Min Capacity: 256M
 Heap Initial Capacity: 256M
 Heap Max Capacity: 512M
 Pre-touch: Disabled
 Parallel Workers: 13
 Concurrent Workers: 3
 Concurrent Refinement Workers: 13
 Periodic GC: Disabled
Heap:
 garbage-first heap   total 307200K, used 185080K [0x00000000e0000000, 0x0000000100000000)
  region size 1024K, 45 young (46080K), 7 survivors (7168K)
 Metaspace       used 85280K, committed 86976K, reserved 446464K
  class space    used 11045K, committed 11904K, reserved 315392K
GC Heap History (20 events):
Event: 165.122 GC heap before
{Heap before GC invocations=13 (full 0):
 garbage-first heap   total 262144K, used 204035K [0x00000000e0000000, 0x0000000100000000)
  region size 1024K, 153 young (156672K), 4 survivors (4096K)
 Metaspace       used 63469K, committed 65728K, reserved 380928K
  class space    used 8908K, committed 10048K, reserved 315392K
}
Event: 165.188 GC heap after
{Heap after GC invocations=14 (full 0):
 garbage-first heap   total 262144K, used 61233K [0x00000000e0000000, 0x0000000100000000)
  region size 1024K, 12 young (12288K), 12 survivors (12288K)
 Metaspace       used 63469K, committed 65728K, reserved 380928K
  class space    used 8908K, committed 10048K, reserved 315392K
}
Event: 212.027 GC heap before
{Heap before GC invocations=14 (full 0):
 garbage-first heap   total 262144K, used 204593K [0x00000000e0000000, 0x0000000100000000)
  region size 1024K, 153 young (156672K), 12 survivors (12288K)
 Metaspace       used 66918K, committed 69248K, reserved 380928K
  class space    used 9201K, committed 10368K, reserved 315392K
}
Event: 212.041 GC heap after
{Heap after GC invocations=15 (full 0):
 garbage-first heap   total 262144K, used 66779K [0x00000000e0000000, 0x0000000100000000)
  region size 1024K, 10 young (10240K), 10 survivors (10240K)
 Metaspace       used 66918K, committed 69248K, reserved 380928K
  class space    used 9201K, committed 10368K, reserved 315392K
}
Event: 512.694 GC heap before
{Heap before GC invocations=15 (full 0):
 garbage-first heap   total 262144K, used 212187K [0x00000000e0000000, 0x0000000100000000)
  region size 1024K, 153 young (156672K), 10 survivors (10240K)
 Metaspace       used 67969K, committed 70336K, reserved 380928K
  class space    used 9285K, committed 10496K, reserved 315392K
}
Event: 512.726 GC heap after
{Heap after GC invocations=16 (full 0):
 garbage-first heap   total 262144K, used 67074K [0x00000000e0000000, 0x0000000100000000)
  region size 1024K, 11 young (11264K), 11 survivors (11264K)
 Metaspace       used 67969K, committed 70336K, reserved 380928K
  class space    used 9285K, committed 10496K, reserved 315392K
}
Event: 514.289 GC heap before
{Heap before GC invocations=16 (full 0):
 garbage-first heap   total 262144K, used 179714K [0x00000000e0000000, 0x0000000100000000)
  region size 1024K, 123 young (125952K), 11 survivors (11264K)
 Metaspace       used 69688K, committed 72128K, reserved 380928K
  class space    used 9521K, committed 10752K, reserved 315392K
}
Event: 514.311 GC heap after
{Heap after GC invocations=17 (full 0):
 garbage-first heap   total 262144K, used 72001K [0x00000000e0000000, 0x0000000100000000)
  region size 1024K, 15 young (15360K), 15 survivors (15360K)
 Metaspace       used 69688K, committed 72128K, reserved 380928K
  class space    used 9521K, committed 10752K, reserved 315392K
}
Event: 515.002 GC heap before
{Heap before GC invocations=18 (full 0):
 garbage-first heap   total 262144K, used 218433K [0x00000000e0000000, 0x0000000100000000)
  region size 1024K, 153 young (156672K), 15 survivors (15360K)
 Metaspace       used 67540K, committed 72256K, reserved 380928K
  class space    used 9007K, committed 10752K, reserved 315392K
}
Event: 515.014 GC heap after
{Heap after GC invocations=19 (full 0):
 garbage-first heap   total 262144K, used 72224K [0x00000000e0000000, 0x0000000100000000)
  region size 1024K, 7 young (7168K), 7 survivors (7168K)
 Metaspace       used 67540K, committed 72256K, reserved 380928K
  class space    used 9007K, committed 10752K, reserved 315392K
}
Event: 515.382 GC heap before
{Heap before GC invocations=19 (full 0):
 garbage-first heap   total 262144K, used 222752K [0x00000000e0000000, 0x0000000100000000)
  region size 1024K, 153 young (156672K), 7 survivors (7168K)
 Metaspace       used 67564K, committed 72256K, reserved 380928K
  class space    used 9007K, committed 10752K, reserved 315392K
}
Event: 515.387 GC heap after
{Heap after GC invocations=20 (full 0):
 garbage-first heap   total 262144K, used 72841K [0x00000000e0000000, 0x0000000100000000)
  region size 1024K, 7 young (7168K), 7 survivors (7168K)
 Metaspace       used 67564K, committed 72256K, reserved 380928K
  class space    used 9007K, committed 10752K, reserved 315392K
}
Event: 516.987 GC heap before
{Heap before GC invocations=20 (full 0):
 garbage-first heap   total 262144K, used 233609K [0x00000000e0000000, 0x0000000100000000)
  region size 1024K, 153 young (156672K), 7 survivors (7168K)
 Metaspace       used 69670K, committed 72384K, reserved 380928K
  class space    used 9276K, committed 10752K, reserved 315392K
}
Event: 516.994 GC heap after
{Heap after GC invocations=21 (full 0):
 garbage-first heap   total 262144K, used 70919K [0x00000000e0000000, 0x0000000100000000)
  region size 1024K, 7 young (7168K), 7 survivors (7168K)
 Metaspace       used 69670K, committed 72384K, reserved 380928K
  class space    used 9276K, committed 10752K, reserved 315392K
}
Event: 1142.982 GC heap before
{Heap before GC invocations=21 (full 0):
 garbage-first heap   total 262144K, used 219399K [0x00000000e0000000, 0x0000000100000000)
  region size 1024K, 153 young (156672K), 7 survivors (7168K)
 Metaspace       used 72145K, committed 74048K, reserved 380928K
  class space    used 9622K, committed 10816K, reserved 315392K
}
Event: 1143.199 GC heap after
{Heap after GC invocations=22 (full 0):
 garbage-first heap   total 262144K, used 83988K [0x00000000e0000000, 0x0000000100000000)
  region size 1024K, 20 young (20480K), 20 survivors (20480K)
 Metaspace       used 72145K, committed 74048K, reserved 380928K
  class space    used 9622K, committed 10816K, reserved 315392K
}
Event: 1156.806 GC heap before
{Heap before GC invocations=23 (full 0):
 garbage-first heap   total 270336K, used 268308K [0x00000000e0000000, 0x0000000100000000)
  region size 1024K, 138 young (141312K), 20 survivors (20480K)
 Metaspace       used 79801K, committed 81408K, reserved 446464K
  class space    used 10350K, committed 11136K, reserved 315392K
}
Event: 1157.153 GC heap after
{Heap after GC invocations=24 (full 0):
 garbage-first heap   total 307200K, used 141862K [0x00000000e0000000, 0x0000000100000000)
  region size 1024K, 18 young (18432K), 18 survivors (18432K)
 Metaspace       used 79801K, committed 81408K, reserved 446464K
  class space    used 10350K, committed 11136K, reserved 315392K
}
Event: 1192.072 GC heap before
{Heap before GC invocations=24 (full 0):
 garbage-first heap   total 307200K, used 213542K [0x00000000e0000000, 0x0000000100000000)
  region size 1024K, 89 young (91136K), 18 survivors (18432K)
 Metaspace       used 84977K, committed 86720K, reserved 446464K
  class space    used 11023K, committed 11904K, reserved 315392K
}
Event: 1192.149 GC heap after
{Heap after GC invocations=25 (full 0):
 garbage-first heap   total 307200K, used 147192K [0x00000000e0000000, 0x0000000100000000)
  region size 1024K, 7 young (7168K), 7 survivors (7168K)
 Metaspace       used 84977K, committed 86720K, reserved 446464K
  class space    used 11023K, committed 11904K, reserved 315392K
}

