# JRE version: Java(TM) SE Runtime Environment (21.0.6+8) (build 21.0.6+8-LTS-188)
# Java VM: Java HotSpot(TM) 64-Bit Server VM (21.0.6+8-LTS-188, mixed mode, sharing, tiered, compressed oops, compressed class ptrs, g1 gc, windows-amd64)
GC Precious Log:
 CardTable entry size: 512
 Card Set container configuration: InlinePtr #cards 5 size 8 Array Of Cards #cards 12 size 40 Howl #buckets 4 coarsen threshold 1843 Howl Bitmap #cards 512 size 80 coarsen threshold 460 Card regions per heap region 1 cards per card region 2048
 CPUs: 16 total, 16 available
 Memory: 5996M
 Large Page Support: Disabled
 NUMA Support: Disabled
 Compressed Oops: Enabled (32-bit)
 Heap Region Size: 1M
 Heap Min Capacity: 8M
 Heap Initial Capacity: 94M
 Heap Max Capacity: 512M
 Pre-touch: Disabled
 Parallel Workers: 13
 Concurrent Workers: 3
 Concurrent Refinement Workers: 13
 Periodic GC: Disabled
Heap:
 garbage-first heap   total 58368K, used 36160K [0x00000000e0000000, 0x0000000100000000)
  region size 1024K, 14 young (14336K), 4 survivors (4096K)
 Metaspace       used 43583K, committed 44224K, reserved 1114112K
  class space    used 5898K, committed 6208K, reserved 1048576K
GC Heap History (20 events):
Event: 2.554 GC heap before
{Heap before GC invocations=0 (full 0):
 garbage-first heap   total 96256K, used 24576K [0x00000000e0000000, 0x0000000100000000)
  region size 1024K, 23 young (23552K), 0 survivors (0K)
 Metaspace       used 5351K, committed 5568K, reserved 1114112K
  class space    used 650K, committed 768K, reserved 1048576K
}
Event: 2.568 GC heap after
{Heap after GC invocations=1 (full 0):
 garbage-first heap   total 96256K, used 10500K [0x00000000e0000000, 0x0000000100000000)
  region size 1024K, 3 young (3072K), 3 survivors (3072K)
 Metaspace       used 5351K, committed 5568K, reserved 1114112K
  class space    used 650K, committed 768K, reserved 1048576K
}
Event: 3.625 GC heap before
{Heap before GC invocations=1 (full 0):
 garbage-first heap   total 96256K, used 30980K [0x00000000e0000000, 0x0000000100000000)
  region size 1024K, 24 young (24576K), 3 survivors (3072K)
 Metaspace       used 10804K, committed 11200K, reserved 1114112K
  class space    used 1392K, committed 1600K, reserved 1048576K
}
Event: 3.630 GC heap after
{Heap after GC invocations=2 (full 0):
 garbage-first heap   total 96256K, used 12133K [0x00000000e0000000, 0x0000000100000000)
  region size 1024K, 2 young (2048K), 2 survivors (2048K)
 Metaspace       used 10804K, committed 11200K, reserved 1114112K
  class space    used 1392K, committed 1600K, reserved 1048576K
}
Event: 6.315 GC heap before
{Heap before GC invocations=2 (full 0):
 garbage-first heap   total 96256K, used 50021K [0x00000000e0000000, 0x0000000100000000)
  region size 1024K, 40 young (40960K), 2 survivors (2048K)
 Metaspace       used 19322K, committed 19648K, reserved 1114112K
  class space    used 2581K, committed 2752K, reserved 1048576K
}
Event: 6.321 GC heap after
{Heap after GC invocations=3 (full 0):
 garbage-first heap   total 96256K, used 14727K [0x00000000e0000000, 0x0000000100000000)
  region size 1024K, 5 young (5120K), 5 survivors (5120K)
 Metaspace       used 19322K, committed 19648K, reserved 1114112K
  class space    used 2581K, committed 2752K, reserved 1048576K
}
Event: 6.555 GC heap before
{Heap before GC invocations=3 (full 0):
 garbage-first heap   total 96256K, used 24967K [0x00000000e0000000, 0x0000000100000000)
  region size 1024K, 16 young (16384K), 5 survivors (5120K)
 Metaspace       used 21116K, committed 21504K, reserved 1114112K
  class space    used 2910K, committed 3136K, reserved 1048576K
}
Event: 6.578 GC heap after
{Heap after GC invocations=4 (full 0):
 garbage-first heap   total 96256K, used 15394K [0x00000000e0000000, 0x0000000100000000)
  region size 1024K, 4 young (4096K), 4 survivors (4096K)
 Metaspace       used 21116K, committed 21504K, reserved 1114112K
  class space    used 2910K, committed 3136K, reserved 1048576K
}
Event: 7.046 GC heap before
{Heap before GC invocations=5 (full 0):
 garbage-first heap   total 58368K, used 45090K [0x00000000e0000000, 0x0000000100000000)
  region size 1024K, 34 young (34816K), 4 survivors (4096K)
 Metaspace       used 26563K, committed 26944K, reserved 1114112K
  class space    used 3477K, committed 3648K, reserved 1048576K
}
Event: 7.052 GC heap after
{Heap after GC invocations=6 (full 0):
 garbage-first heap   total 58368K, used 17977K [0x00000000e0000000, 0x0000000100000000)
  region size 1024K, 4 young (4096K), 4 survivors (4096K)
 Metaspace       used 26563K, committed 26944K, reserved 1114112K
  class space    used 3477K, committed 3648K, reserved 1048576K
}
Event: 7.801 GC heap before
{Heap before GC invocations=6 (full 0):
 garbage-first heap   total 58368K, used 44601K [0x00000000e0000000, 0x0000000100000000)
  region size 1024K, 30 young (30720K), 4 survivors (4096K)
 Metaspace       used 28316K, committed 28736K, reserved 1114112K
  class space    used 3721K, committed 3904K, reserved 1048576K
}
Event: 7.807 GC heap after
{Heap after GC invocations=7 (full 0):
 garbage-first heap   total 58368K, used 18883K [0x00000000e0000000, 0x0000000100000000)
  region size 1024K, 2 young (2048K), 2 survivors (2048K)
 Metaspace       used 28316K, committed 28736K, reserved 1114112K
  class space    used 3721K, committed 3904K, reserved 1048576K
}
Event: 8.797 GC heap before
{Heap before GC invocations=7 (full 0):
 garbage-first heap   total 58368K, used 46531K [0x00000000e0000000, 0x0000000100000000)
  region size 1024K, 29 young (29696K), 2 survivors (2048K)
 Metaspace       used 30900K, committed 31296K, reserved 1114112K
  class space    used 4114K, committed 4288K, reserved 1048576K
}
Event: 8.801 GC heap after
{Heap after GC invocations=8 (full 0):
 garbage-first heap   total 58368K, used 20931K [0x00000000e0000000, 0x0000000100000000)
  region size 1024K, 4 young (4096K), 4 survivors (4096K)
 Metaspace       used 30900K, committed 31296K, reserved 1114112K
  class space    used 4114K, committed 4288K, reserved 1048576K
}
Event: 9.854 GC heap before
{Heap before GC invocations=8 (full 0):
 garbage-first heap   total 58368K, used 46531K [0x00000000e0000000, 0x0000000100000000)
  region size 1024K, 30 young (30720K), 4 survivors (4096K)
 Metaspace       used 35442K, committed 35968K, reserved 1114112K
  class space    used 4831K, committed 5120K, reserved 1048576K
}
Event: 9.860 GC heap after
{Heap after GC invocations=9 (full 0):
 garbage-first heap   total 58368K, used 22880K [0x00000000e0000000, 0x0000000100000000)
  region size 1024K, 4 young (4096K), 4 survivors (4096K)
 Metaspace       used 35442K, committed 35968K, reserved 1114112K
  class space    used 4831K, committed 5120K, reserved 1048576K
}
Event: 11.713 GC heap before
{Heap before GC invocations=10 (full 0):
 garbage-first heap   total 58368K, used 48480K [0x00000000e0000000, 0x0000000100000000)
  region size 1024K, 29 young (29696K), 4 survivors (4096K)
 Metaspace       used 39326K, committed 39872K, reserved 1114112K
  class space    used 5350K, committed 5632K, reserved 1048576K
}
Event: 11.721 GC heap after
{Heap after GC invocations=11 (full 0):
 garbage-first heap   total 58368K, used 25320K [0x00000000e0000000, 0x0000000100000000)
  region size 1024K, 3 young (3072K), 3 survivors (3072K)
 Metaspace       used 39326K, committed 39872K, reserved 1114112K
  class space    used 5350K, committed 5632K, reserved 1048576K
}
Event: 12.343 GC heap before
{Heap before GC invocations=11 (full 0):
 garbage-first heap   total 58368K, used 48872K [0x00000000e0000000, 0x0000000100000000)
  region size 1024K, 26 young (26624K), 3 survivors (3072K)
 Metaspace       used 42620K, committed 43264K, reserved 1114112K
  class space    used 5750K, committed 6016K, reserved 1048576K
}
Event: 12.347 GC heap after
{Heap after GC invocations=12 (full 0):
 garbage-first heap   total 58368K, used 26944K [0x00000000e0000000, 0x0000000100000000)
  region size 1024K, 4 young (4096K), 4 survivors (4096K)
 Metaspace       used 42620K, committed 43264K, reserved 1114112K
  class space    used 5750K, committed 6016K, reserved 1048576K
}

